\BOOKMARK [0][-]{chapter*.2}{Lista delle figure}{}% 1
\BOOKMARK [0][-]{chapter*.3}{Introduzione}{}% 2
\BOOKMARK [0][-]{chapter.1}{Background}{}% 3
\BOOKMARK [1][-]{section.1.1}{Sviluppo app moderne real-time}{chapter.1}% 4
\BOOKMARK [1][-]{section.1.2}{Client pull}{chapter.1}% 5
\BOOKMARK [2][-]{subsection.1.2.1}{Polling e long polling}{section.1.2}% 6
\BOOKMARK [2][-]{subsection.1.2.2}{Problematiche}{section.1.2}% 7
\BOOKMARK [1][-]{section.1.3}{Server push}{chapter.1}% 8
\BOOKMARK [2][-]{subsection.1.3.1}{Server Sent Events}{section.1.3}% 9
\BOOKMARK [2][-]{subsection.1.3.2}{WebSockets}{section.1.3}% 10
\BOOKMARK [0][-]{chapter.2}{Listen JS}{}% 11
\BOOKMARK [1][-]{section.2.1}{Struttura ad alto livello}{chapter.2}% 12
\BOOKMARK [2][-]{subsection.2.1.1}{Libreria client}{section.2.1}% 13
\BOOKMARK [2][-]{subsection.2.1.2}{Libreria server}{section.2.1}% 14
\BOOKMARK [1][-]{section.2.2}{Features}{chapter.2}% 15
\BOOKMARK [2][-]{subsection.2.2.1}{Disconnection detection}{section.2.2}% 16
\BOOKMARK [2][-]{subsection.2.2.2}{Reconnection}{section.2.2}% 17
\BOOKMARK [2][-]{subsection.2.2.3}{Multiplexing}{section.2.2}% 18
\BOOKMARK [2][-]{subsection.2.2.4}{Observer pattern across the stack}{section.2.2}% 19
\BOOKMARK [2][-]{subsection.2.2.5}{Semplificazione utilizzo WebSocket}{section.2.2}% 20
\BOOKMARK [1][-]{section.2.3}{Struttura a basso livello}{chapter.2}% 21
\BOOKMARK [2][-]{subsection.2.3.1}{Architettura}{section.2.3}% 22
\BOOKMARK [2][-]{subsection.2.3.2}{Implementazione multiplexing}{section.2.3}% 23
\BOOKMARK [2][-]{subsection.2.3.3}{Implementazione disconnection detection}{section.2.3}% 24
\BOOKMARK [2][-]{subsection.2.3.4}{Implementazione reconnection}{section.2.3}% 25
\BOOKMARK [2][-]{subsection.2.3.5}{Implementazione observer pattern}{section.2.3}% 26
\BOOKMARK [1][-]{section.2.4}{Applicazione di esempio}{chapter.2}% 27
\BOOKMARK [0][-]{chapter.3}{Valutazione}{}% 28
\BOOKMARK [1][-]{section.3.1}{Confronto tra XHR polling e websockets}{chapter.3}% 29
\BOOKMARK [2][-]{subsection.3.1.1}{Responsiveness}{section.3.1}% 30
\BOOKMARK [2][-]{subsection.3.1.2}{Traffico dati}{section.3.1}% 31
\BOOKMARK [2][-]{subsection.3.1.3}{User experience}{section.3.1}% 32
\BOOKMARK [1][-]{section.3.2}{Valore aggiunto di Listen JS}{chapter.3}% 33
\BOOKMARK [2][-]{subsection.3.2.1}{Utilizzo risorse e limitazioni browser}{section.3.2}% 34
\BOOKMARK [2][-]{subsection.3.2.2}{Immediatezza integrazione da parte di sviluppatori}{section.3.2}% 35
\BOOKMARK [2][-]{subsection.3.2.3}{Architettura}{section.3.2}% 36
\BOOKMARK [0][-]{chapter*.8}{Conclusioni}{}% 37
\BOOKMARK [0][-]{chapter.4}{Sviluppi futuri}{}% 38
\BOOKMARK [0][-]{chapter*.9}{Bibliografia}{}% 39
