\BOOKMARK [0][-]{chapter*.2}{Elenco delle figure}{}% 1
\BOOKMARK [0][-]{chapter*.3}{Introduzione}{}% 2
\BOOKMARK [0][-]{chapter.1}{Real-time web applications}{}% 3
\BOOKMARK [1][-]{section.1.1}{Tecniche di sviluppo}{chapter.1}% 4
\BOOKMARK [1][-]{section.1.2}{Client pull}{chapter.1}% 5
\BOOKMARK [2][-]{subsection.1.2.1}{Polling e long polling}{section.1.2}% 6
\BOOKMARK [2][-]{subsection.1.2.2}{Problematiche}{section.1.2}% 7
\BOOKMARK [1][-]{section.1.3}{Server push}{chapter.1}% 8
\BOOKMARK [2][-]{subsection.1.3.1}{Server Sent Events}{section.1.3}% 9
\BOOKMARK [2][-]{subsection.1.3.2}{WebSockets}{section.1.3}% 10
\BOOKMARK [0][-]{chapter.2}{ListenJS}{}% 11
\BOOKMARK [1][-]{section.2.1}{Libreria client}{chapter.2}% 12
\BOOKMARK [2][-]{subsection.2.1.1}{Installazione}{section.2.1}% 13
\BOOKMARK [2][-]{subsection.2.1.2}{Utilizzo}{section.2.1}% 14
\BOOKMARK [1][-]{section.2.2}{Libreria server}{chapter.2}% 15
\BOOKMARK [2][-]{subsection.2.2.1}{Installazione}{section.2.2}% 16
\BOOKMARK [2][-]{subsection.2.2.2}{Utilizzo}{section.2.2}% 17
\BOOKMARK [1][-]{section.2.3}{Features}{chapter.2}% 18
\BOOKMARK [2][-]{subsection.2.3.1}{Disconnection detection}{section.2.3}% 19
\BOOKMARK [2][-]{subsection.2.3.2}{Reconnection}{section.2.3}% 20
\BOOKMARK [2][-]{subsection.2.3.3}{Multiplexing}{section.2.3}% 21
\BOOKMARK [0][-]{chapter.3}{ListenJS: Dettagli implementativi}{}% 22
\BOOKMARK [1][-]{section.3.1}{Message channel}{chapter.3}% 23
\BOOKMARK [1][-]{section.3.2}{Observer pattern across the stack}{chapter.3}% 24
\BOOKMARK [1][-]{section.3.3}{Implementazione features}{chapter.3}% 25
\BOOKMARK [2][-]{subsection.3.3.1}{Multiplexing}{section.3.3}% 26
\BOOKMARK [2][-]{subsection.3.3.2}{Disconnection detection}{section.3.3}% 27
\BOOKMARK [2][-]{subsection.3.3.3}{Reconnection}{section.3.3}% 28
\BOOKMARK [0][-]{chapter.4}{Valutazione}{}% 29
\BOOKMARK [1][-]{section.4.1}{Applicazione di esempio}{chapter.4}% 30
\BOOKMARK [1][-]{section.4.2}{Confronto tra XHR polling e WebSocket}{chapter.4}% 31
\BOOKMARK [2][-]{subsection.4.2.1}{Latenza}{section.4.2}% 32
\BOOKMARK [2][-]{subsection.4.2.2}{Traffico dati}{section.4.2}% 33
\BOOKMARK [2][-]{subsection.4.2.3}{User experience}{section.4.2}% 34
\BOOKMARK [1][-]{section.4.3}{Valore aggiunto di ListenJS}{chapter.4}% 35
\BOOKMARK [2][-]{subsection.4.3.1}{Immediatezza integrazione}{section.4.3}% 36
\BOOKMARK [2][-]{subsection.4.3.2}{Utilizzo risorse e limitazioni browser}{section.4.3}% 37
\BOOKMARK [2][-]{subsection.4.3.3}{Architettura}{section.4.3}% 38
\BOOKMARK [0][-]{chapter*.20}{Conclusioni e sviluppi futuri}{}% 39
\BOOKMARK [0][-]{chapter*.22}{Bibliografia}{}% 40
